[0.570s] Invoking command in '/home/yuta/robosys2023_2/ros2_ws/src/mypkg': PYTHONPATH=/home/yuta/robosys2023_2/ros2_ws/build/mypkg/prefix_override:/home/yuta/robosys2023_2/ros2_ws/install/mypkg/lib/python3.8/site-packages:${PYTHONPATH} /usr/bin/python3 setup.py egg_info --egg-base ../../build/mypkg build --build-base /home/yuta/robosys2023_2/ros2_ws/build/mypkg/build install --record /home/yuta/robosys2023_2/ros2_ws/build/mypkg/install.log --install-scripts $base/lib/mypkg --single-version-externally-managed
[0.707s] running egg_info
[0.707s] writing ../../build/mypkg/mypkg.egg-info/PKG-INFO
[0.707s] writing dependency_links to ../../build/mypkg/mypkg.egg-info/dependency_links.txt
[0.708s] writing entry points to ../../build/mypkg/mypkg.egg-info/entry_points.txt
[0.708s] writing requirements to ../../build/mypkg/mypkg.egg-info/requires.txt
[0.708s] writing top-level names to ../../build/mypkg/mypkg.egg-info/top_level.txt
[0.734s] reading manifest file '../../build/mypkg/mypkg.egg-info/SOURCES.txt'
[0.737s] writing manifest file '../../build/mypkg/mypkg.egg-info/SOURCES.txt'
[0.737s] running build
[0.737s] running build_py
[0.737s] running install
[0.737s] running install_lib
[0.738s] running install_data
[0.738s] running install_egg_info
[0.740s] removing '/home/yuta/robosys2023_2/ros2_ws/install/mypkg/lib/python3.8/site-packages/mypkg-0.0.0-py3.8.egg-info' (and everything under it)
[0.740s] Copying ../../build/mypkg/mypkg.egg-info to /home/yuta/robosys2023_2/ros2_ws/install/mypkg/lib/python3.8/site-packages/mypkg-0.0.0-py3.8.egg-info
[0.741s] running install_scripts
[0.753s] writing list of installed files to '/home/yuta/robosys2023_2/ros2_ws/build/mypkg/install.log'
[0.769s] Invoked command in '/home/yuta/robosys2023_2/ros2_ws/src/mypkg' returned '0': PYTHONPATH=/home/yuta/robosys2023_2/ros2_ws/build/mypkg/prefix_override:/home/yuta/robosys2023_2/ros2_ws/install/mypkg/lib/python3.8/site-packages:${PYTHONPATH} /usr/bin/python3 setup.py egg_info --egg-base ../../build/mypkg build --build-base /home/yuta/robosys2023_2/ros2_ws/build/mypkg/build install --record /home/yuta/robosys2023_2/ros2_ws/build/mypkg/install.log --install-scripts $base/lib/mypkg --single-version-externally-managed
