[0.710s] Invoking command in '/home/yuta/robosys2023_2/ros2_ws/src/mypkg': PYTHONPATH=/home/yuta/robosys2023_2/ros2_ws/build/mypkg/prefix_override:/home/yuta/robosys2023_2/ros2_ws/install/mypkg/lib/python3.8/site-packages:${PYTHONPATH} /usr/bin/python3 setup.py egg_info --egg-base ../../build/mypkg build --build-base /home/yuta/robosys2023_2/ros2_ws/build/mypkg/build install --record /home/yuta/robosys2023_2/ros2_ws/build/mypkg/install.log --install-scripts $base/lib/mypkg --single-version-externally-managed
[0.850s] running egg_info
[0.850s] writing ../../build/mypkg/mypkg.egg-info/PKG-INFO
[0.850s] writing dependency_links to ../../build/mypkg/mypkg.egg-info/dependency_links.txt
[0.851s] writing entry points to ../../build/mypkg/mypkg.egg-info/entry_points.txt
[0.851s] writing requirements to ../../build/mypkg/mypkg.egg-info/requires.txt
[0.851s] writing top-level names to ../../build/mypkg/mypkg.egg-info/top_level.txt
[0.877s] reading manifest file '../../build/mypkg/mypkg.egg-info/SOURCES.txt'
[0.878s] writing manifest file '../../build/mypkg/mypkg.egg-info/SOURCES.txt'
[0.878s] running build
[0.878s] running build_py
[0.878s] copying mypkg/talker.py -> /home/yuta/robosys2023_2/ros2_ws/build/mypkg/build/lib/mypkg
[0.878s] running install
[0.879s] running install_lib
[0.880s] copying /home/yuta/robosys2023_2/ros2_ws/build/mypkg/build/lib/mypkg/talker.py -> /home/yuta/robosys2023_2/ros2_ws/install/mypkg/lib/python3.8/site-packages/mypkg
[0.881s] byte-compiling /home/yuta/robosys2023_2/ros2_ws/install/mypkg/lib/python3.8/site-packages/mypkg/talker.py to talker.cpython-38.pyc
[0.882s] running install_data
[0.883s] copying package.xml -> /home/yuta/robosys2023_2/ros2_ws/install/mypkg/share/mypkg
[0.883s] running install_egg_info
[0.884s] removing '/home/yuta/robosys2023_2/ros2_ws/install/mypkg/lib/python3.8/site-packages/mypkg-0.0.0-py3.8.egg-info' (and everything under it)
[0.884s] Copying ../../build/mypkg/mypkg.egg-info to /home/yuta/robosys2023_2/ros2_ws/install/mypkg/lib/python3.8/site-packages/mypkg-0.0.0-py3.8.egg-info
[0.885s] running install_scripts
[0.898s] Installing talker script to /home/yuta/robosys2023_2/ros2_ws/install/mypkg/lib/mypkg
[0.898s] writing list of installed files to '/home/yuta/robosys2023_2/ros2_ws/build/mypkg/install.log'
[0.916s] Invoked command in '/home/yuta/robosys2023_2/ros2_ws/src/mypkg' returned '0': PYTHONPATH=/home/yuta/robosys2023_2/ros2_ws/build/mypkg/prefix_override:/home/yuta/robosys2023_2/ros2_ws/install/mypkg/lib/python3.8/site-packages:${PYTHONPATH} /usr/bin/python3 setup.py egg_info --egg-base ../../build/mypkg build --build-base /home/yuta/robosys2023_2/ros2_ws/build/mypkg/build install --record /home/yuta/robosys2023_2/ros2_ws/build/mypkg/install.log --install-scripts $base/lib/mypkg --single-version-externally-managed
