[0.587s] Invoking command in '/home/yuta/robosys2023_2/ros2_ws/src/mypkg': PYTHONPATH=/home/yuta/robosys2023_2/ros2_ws/build/mypkg/prefix_override:/home/yuta/robosys2023_2/ros2_ws/install/mypkg/lib/python3.8/site-packages:${PYTHONPATH} /usr/bin/python3 setup.py egg_info --egg-base ../../build/mypkg build --build-base /home/yuta/robosys2023_2/ros2_ws/build/mypkg/build install --record /home/yuta/robosys2023_2/ros2_ws/build/mypkg/install.log --install-scripts $base/lib/mypkg --single-version-externally-managed
[0.715s] running egg_info
[0.715s] writing ../../build/mypkg/mypkg.egg-info/PKG-INFO
[0.716s] writing dependency_links to ../../build/mypkg/mypkg.egg-info/dependency_links.txt
[0.716s] writing entry points to ../../build/mypkg/mypkg.egg-info/entry_points.txt
[0.716s] writing requirements to ../../build/mypkg/mypkg.egg-info/requires.txt
[0.716s] writing top-level names to ../../build/mypkg/mypkg.egg-info/top_level.txt
[0.744s] reading manifest file '../../build/mypkg/mypkg.egg-info/SOURCES.txt'
[0.744s] writing manifest file '../../build/mypkg/mypkg.egg-info/SOURCES.txt'
[0.744s] running build
[0.745s] running build_py
[0.745s] copying mypkg/listener.py -> /home/yuta/robosys2023_2/ros2_ws/build/mypkg/build/lib/mypkg
[0.753s] running install
[0.753s] running install_lib
[0.753s] copying /home/yuta/robosys2023_2/ros2_ws/build/mypkg/build/lib/mypkg/listener.py -> /home/yuta/robosys2023_2/ros2_ws/install/mypkg/lib/python3.8/site-packages/mypkg
[0.753s] byte-compiling /home/yuta/robosys2023_2/ros2_ws/install/mypkg/lib/python3.8/site-packages/mypkg/listener.py to listener.cpython-38.pyc
[0.753s] running install_data
[0.753s] running install_egg_info
[0.754s] removing '/home/yuta/robosys2023_2/ros2_ws/install/mypkg/lib/python3.8/site-packages/mypkg-0.0.0-py3.8.egg-info' (and everything under it)
[0.754s] Copying ../../build/mypkg/mypkg.egg-info to /home/yuta/robosys2023_2/ros2_ws/install/mypkg/lib/python3.8/site-packages/mypkg-0.0.0-py3.8.egg-info
[0.755s] running install_scripts
[0.767s] Installing talker script to /home/yuta/robosys2023_2/ros2_ws/install/mypkg/lib/mypkg
[0.767s] writing list of installed files to '/home/yuta/robosys2023_2/ros2_ws/build/mypkg/install.log'
[0.784s] Invoked command in '/home/yuta/robosys2023_2/ros2_ws/src/mypkg' returned '0': PYTHONPATH=/home/yuta/robosys2023_2/ros2_ws/build/mypkg/prefix_override:/home/yuta/robosys2023_2/ros2_ws/install/mypkg/lib/python3.8/site-packages:${PYTHONPATH} /usr/bin/python3 setup.py egg_info --egg-base ../../build/mypkg build --build-base /home/yuta/robosys2023_2/ros2_ws/build/mypkg/build install --record /home/yuta/robosys2023_2/ros2_ws/build/mypkg/install.log --install-scripts $base/lib/mypkg --single-version-externally-managed
