[0.635s] Invoking command in '/home/yuta/robosys2023_2/ros2_ws/src/mypkg': PYTHONPATH=/home/yuta/robosys2023_2/ros2_ws/build/mypkg/prefix_override:/home/yuta/robosys2023_2/ros2_ws/install/mypkg/lib/python3.8/site-packages:${PYTHONPATH} /usr/bin/python3 setup.py egg_info --egg-base ../../build/mypkg build --build-base /home/yuta/robosys2023_2/ros2_ws/build/mypkg/build install --record /home/yuta/robosys2023_2/ros2_ws/build/mypkg/install.log --install-scripts $base/lib/mypkg --single-version-externally-managed
[0.767s] running egg_info
[0.767s] creating ../../build/mypkg/mypkg.egg-info
[0.768s] writing ../../build/mypkg/mypkg.egg-info/PKG-INFO
[0.768s] writing dependency_links to ../../build/mypkg/mypkg.egg-info/dependency_links.txt
[0.768s] writing entry points to ../../build/mypkg/mypkg.egg-info/entry_points.txt
[0.768s] writing requirements to ../../build/mypkg/mypkg.egg-info/requires.txt
[0.768s] writing top-level names to ../../build/mypkg/mypkg.egg-info/top_level.txt
[0.773s] writing manifest file '../../build/mypkg/mypkg.egg-info/SOURCES.txt'
[0.800s] reading manifest file '../../build/mypkg/mypkg.egg-info/SOURCES.txt'
[0.801s] writing manifest file '../../build/mypkg/mypkg.egg-info/SOURCES.txt'
[0.801s] running build
[0.801s] running build_py
[0.801s] creating /home/yuta/robosys2023_2/ros2_ws/build/mypkg/build
[0.801s] creating /home/yuta/robosys2023_2/ros2_ws/build/mypkg/build/lib
[0.801s] creating /home/yuta/robosys2023_2/ros2_ws/build/mypkg/build/lib/mypkg
[0.801s] copying mypkg/__init__.py -> /home/yuta/robosys2023_2/ros2_ws/build/mypkg/build/lib/mypkg
[0.801s] running install
[0.802s] running install_lib
[0.803s] creating /home/yuta/robosys2023_2/ros2_ws/install/mypkg/lib/python3.8/site-packages/mypkg
[0.803s] copying /home/yuta/robosys2023_2/ros2_ws/build/mypkg/build/lib/mypkg/__init__.py -> /home/yuta/robosys2023_2/ros2_ws/install/mypkg/lib/python3.8/site-packages/mypkg
[0.804s] byte-compiling /home/yuta/robosys2023_2/ros2_ws/install/mypkg/lib/python3.8/site-packages/mypkg/__init__.py to __init__.cpython-38.pyc
[0.805s] running install_data
[0.805s] creating /home/yuta/robosys2023_2/ros2_ws/install/mypkg/share/ament_index
[0.806s] creating /home/yuta/robosys2023_2/ros2_ws/install/mypkg/share/ament_index/resource_index
[0.807s] creating /home/yuta/robosys2023_2/ros2_ws/install/mypkg/share/ament_index/resource_index/packages
[0.807s] copying resource/mypkg -> /home/yuta/robosys2023_2/ros2_ws/install/mypkg/share/ament_index/resource_index/packages
[0.807s] copying package.xml -> /home/yuta/robosys2023_2/ros2_ws/install/mypkg/share/mypkg
[0.807s] running install_egg_info
[0.809s] Copying ../../build/mypkg/mypkg.egg-info to /home/yuta/robosys2023_2/ros2_ws/install/mypkg/lib/python3.8/site-packages/mypkg-0.0.0-py3.8.egg-info
[0.810s] running install_scripts
[0.823s] writing list of installed files to '/home/yuta/robosys2023_2/ros2_ws/build/mypkg/install.log'
[0.841s] Invoked command in '/home/yuta/robosys2023_2/ros2_ws/src/mypkg' returned '0': PYTHONPATH=/home/yuta/robosys2023_2/ros2_ws/build/mypkg/prefix_override:/home/yuta/robosys2023_2/ros2_ws/install/mypkg/lib/python3.8/site-packages:${PYTHONPATH} /usr/bin/python3 setup.py egg_info --egg-base ../../build/mypkg build --build-base /home/yuta/robosys2023_2/ros2_ws/build/mypkg/build install --record /home/yuta/robosys2023_2/ros2_ws/build/mypkg/install.log --install-scripts $base/lib/mypkg --single-version-externally-managed
